(0.000) 
            SELECT name, type FROM sqlite_master
            WHERE type in ('table', 'view') AND NOT name='sqlite_sequence'
            ORDER BY name; args=None; alias=default
(0.000) SELECT "django_migrations"."id", "django_migrations"."app", "django_migrations"."name", "django_migrations"."applied" FROM "django_migrations"; args=(); alias=default
(0.000) SELECT COUNT(*) AS "__count" FROM "Book" WHERE NOT "Book"."is_deleted"; args=(); alias=default
(0.000) SELECT "Book"."id", "Book"."title", "Book"."author", "Book"."published_date", "Book"."registered", "Book"."managed", "Book"."page_count", "Book"."price", "Book"."discounted_price", "Book"."publisher_id", "Book"."is_banned", "Book"."is_deleted" FROM "Book" WHERE NOT "Book"."is_deleted" ORDER BY "Book"."published_date" ASC LIMIT 5; args=(); alias=default
(0.015) SELECT "first_app_genre"."id", "first_app_genre"."name" FROM "first_app_genre" INNER JOIN "Book_genres" ON ("first_app_genre"."id" = "Book_genres"."genre_id") WHERE "Book_genres"."book_id" = 2; args=(2,); alias=default
(0.000) SELECT "first_app_genre"."id", "first_app_genre"."name" FROM "first_app_genre" INNER JOIN "Book_genres" ON ("first_app_genre"."id" = "Book_genres"."genre_id") WHERE "Book_genres"."book_id" = 4; args=(4,); alias=default
(0.000) SELECT "first_app_genre"."id", "first_app_genre"."name" FROM "first_app_genre" INNER JOIN "Book_genres" ON ("first_app_genre"."id" = "Book_genres"."genre_id") WHERE "Book_genres"."book_id" = 3; args=(3,); alias=default
(0.000) SELECT "first_app_genre"."id", "first_app_genre"."name" FROM "first_app_genre" INNER JOIN "Book_genres" ON ("first_app_genre"."id" = "Book_genres"."genre_id") WHERE "Book_genres"."book_id" = 5; args=(5,); alias=default
(0.000) SELECT "first_app_genre"."id", "first_app_genre"."name" FROM "first_app_genre" INNER JOIN "Book_genres" ON ("first_app_genre"."id" = "Book_genres"."genre_id") WHERE "Book_genres"."book_id" = 6; args=(6,); alias=default
(0.000) SELECT "first_app_publisher"."id", "first_app_publisher"."name", "first_app_publisher"."established_date" FROM "first_app_publisher" LIMIT 1000; args=(); alias=default
(0.000) SELECT "first_app_genre"."id", "first_app_genre"."name" FROM "first_app_genre" LIMIT 1000; args=(); alias=default
(0.000) SELECT "first_app_publisher"."id", "first_app_publisher"."name", "first_app_publisher"."established_date" FROM "first_app_publisher"; args=(); alias=default
(0.000) SELECT "Book"."id", "Book"."title", "Book"."author", "Book"."published_date", "Book"."registered", "Book"."managed", "Book"."page_count", "Book"."price", "Book"."discounted_price", "Book"."publisher_id", "Book"."is_banned", "Book"."is_deleted" FROM "Book" WHERE NOT "Book"."is_deleted" ORDER BY "Book"."published_date" ASC LIMIT 21; args=(); alias=default
(0.000) SELECT "Book"."id", "Book"."title", "Book"."author", "Book"."published_date", "Book"."registered", "Book"."managed", "Book"."page_count", "Book"."price", "Book"."discounted_price", "Book"."publisher_id", "Book"."is_banned", "Book"."is_deleted" FROM "Book" WHERE NOT "Book"."is_deleted" ORDER BY "Book"."published_date" ASC; args=(); alias=default
(0.000) SELECT "Book"."id", "Book"."title", "Book"."author", "Book"."published_date", "Book"."registered", "Book"."managed", "Book"."page_count", "Book"."price", "Book"."discounted_price", "Book"."publisher_id", "Book"."is_banned", "Book"."is_deleted" FROM "Book" WHERE (NOT "Book"."is_deleted" AND "Book"."title" = 'Book New') ORDER BY "Book"."published_date" ASC LIMIT 1; args=('Book New',); alias=default
(0.000) SELECT COUNT(*) AS "__count" FROM "Book" WHERE (NOT "Book"."is_deleted" AND "Book"."title" = 'Book New'); args=('Book New',); alias=default
(0.000) SELECT "Book"."id", "Book"."title", "Book"."author", "Book"."published_date", "Book"."registered", "Book"."managed", "Book"."page_count", "Book"."price", "Book"."discounted_price", "Book"."publisher_id", "Book"."is_banned", "Book"."is_deleted" FROM "Book" WHERE NOT "Book"."is_deleted" ORDER BY "Book"."published_date" ASC; args=(); alias=default
(0.000) SELECT "first_app_publisher"."id", "first_app_publisher"."name", "first_app_publisher"."established_date" FROM "first_app_publisher" WHERE "first_app_publisher"."id" = 1 LIMIT 21; args=(1,); alias=default
(0.000) SELECT "first_app_publisher"."id", "first_app_publisher"."name", "first_app_publisher"."established_date" FROM "first_app_publisher" WHERE "first_app_publisher"."id" = 1 LIMIT 21; args=(1,); alias=default
(0.000) SELECT "first_app_publisher"."id", "first_app_publisher"."name", "first_app_publisher"."established_date" FROM "first_app_publisher" WHERE "first_app_publisher"."id" = 1 LIMIT 21; args=(1,); alias=default
(0.000) SELECT "first_app_publisher"."id", "first_app_publisher"."name", "first_app_publisher"."established_date" FROM "first_app_publisher" WHERE "first_app_publisher"."id" = 2 LIMIT 21; args=(2,); alias=default
(0.000) SELECT "Book"."id", "Book"."title", "Book"."author", "Book"."published_date", "Book"."registered", "Book"."managed", "Book"."page_count", "Book"."price", "Book"."discounted_price", "Book"."publisher_id", "Book"."is_banned", "Book"."is_deleted", "first_app_publisher"."id", "first_app_publisher"."name", "first_app_publisher"."established_date" FROM "Book" LEFT OUTER JOIN "first_app_publisher" ON ("Book"."publisher_id" = "first_app_publisher"."id") WHERE NOT "Book"."is_deleted" ORDER BY "Book"."published_date" ASC; args=(); alias=default
(0.000) SELECT "Book"."id", "Book"."title", "Book"."author", "Book"."published_date", "Book"."registered", "Book"."managed", "Book"."page_count", "Book"."price", "Book"."discounted_price", "Book"."publisher_id", "Book"."is_banned", "Book"."is_deleted" FROM "Book" WHERE NOT "Book"."is_deleted" ORDER BY "Book"."published_date" ASC; args=(); alias=default
(0.000) SELECT ("Book_genres"."book_id") AS "_prefetch_related_val_book_id", "first_app_genre"."id", "first_app_genre"."name" FROM "first_app_genre" INNER JOIN "Book_genres" ON ("first_app_genre"."id" = "Book_genres"."genre_id") WHERE "Book_genres"."book_id" IN (2, 4, 3, 5, 6); args=(2, 4, 3, 5, 6); alias=default
(0.000) SELECT "first_app_genre"."id", "first_app_genre"."name" FROM "first_app_genre" INNER JOIN "Book_genres" ON ("first_app_genre"."id" = "Book_genres"."genre_id") WHERE ("Book_genres"."book_id" = 2 AND "first_app_genre"."id" = 1) LIMIT 21; args=(2, 1); alias=default
(0.000) SELECT "Book"."id", "Book"."title", "Book"."author", "Book"."published_date", "Book"."registered", "Book"."managed", "Book"."page_count", "Book"."price", "Book"."discounted_price", "Book"."publisher_id", "Book"."is_banned", "Book"."is_deleted", "first_app_publisher"."id", "first_app_publisher"."name", "first_app_publisher"."established_date" FROM "Book" LEFT OUTER JOIN "first_app_publisher" ON ("Book"."publisher_id" = "first_app_publisher"."id") WHERE NOT "Book"."is_deleted" ORDER BY "Book"."published_date" ASC; args=(); alias=default
(0.000) SELECT ("Book_genres"."book_id") AS "_prefetch_related_val_book_id", "first_app_genre"."id", "first_app_genre"."name" FROM "first_app_genre" INNER JOIN "Book_genres" ON ("first_app_genre"."id" = "Book_genres"."genre_id") WHERE "Book_genres"."book_id" IN (2, 4, 3, 5, 6); args=(2, 4, 3, 5, 6); alias=default
(0.000) 
            SELECT name, type FROM sqlite_master
            WHERE type in ('table', 'view') AND NOT name='sqlite_sequence'
            ORDER BY name; args=None; alias=default
(0.000) SELECT "django_migrations"."id", "django_migrations"."app", "django_migrations"."name", "django_migrations"."applied" FROM "django_migrations"; args=(); alias=default
(0.000) 
            SELECT name, type FROM sqlite_master
            WHERE type in ('table', 'view') AND NOT name='sqlite_sequence'
            ORDER BY name; args=None; alias=default
(0.000) SELECT "django_migrations"."id", "django_migrations"."app", "django_migrations"."name", "django_migrations"."applied" FROM "django_migrations"; args=(); alias=default
(0.000) SELECT COUNT(*) AS "__count" FROM "Book" WHERE NOT "Book"."is_deleted"; args=(); alias=default
(0.016) SELECT "Book"."id", "Book"."title", "Book"."author", "Book"."published_date", "Book"."registered", "Book"."managed", "Book"."page_count", "Book"."price", "Book"."discounted_price", "Book"."publisher_id", "Book"."is_banned", "Book"."is_deleted", "first_app_publisher"."id", "first_app_publisher"."name", "first_app_publisher"."established_date" FROM "Book" LEFT OUTER JOIN "first_app_publisher" ON ("Book"."publisher_id" = "first_app_publisher"."id") WHERE NOT "Book"."is_deleted" ORDER BY "Book"."published_date" ASC LIMIT 5; args=(); alias=default
(0.000) SELECT ("Book_genres"."book_id") AS "_prefetch_related_val_book_id", "first_app_genre"."id", "first_app_genre"."name" FROM "first_app_genre" INNER JOIN "Book_genres" ON ("first_app_genre"."id" = "Book_genres"."genre_id") WHERE "Book_genres"."book_id" IN (2, 4, 3, 5, 6); args=(2, 4, 3, 5, 6); alias=default
(0.000) SELECT "first_app_publisher"."id", "first_app_publisher"."name", "first_app_publisher"."established_date" FROM "first_app_publisher" LIMIT 1000; args=(); alias=default
(0.000) SELECT "first_app_genre"."id", "first_app_genre"."name" FROM "first_app_genre" LIMIT 1000; args=(); alias=default
(0.000) SELECT "first_app_publisher"."id", "first_app_publisher"."name", "first_app_publisher"."established_date" FROM "first_app_publisher"; args=(); alias=default
